2024-09-05T12:35:56.197+08:00  INFO 5588 --- [main] com.yun.blog.SpringBlogApplication       : Starting SpringBlogApplication using Java 17.0.9 with PID 5588 (F:\Github Repositories\JavaEE\进阶\后端\spring-blog\target\classes started by 1 in F:\Github Repositories\JavaEE\进阶\后端\spring-blog)
2024-09-05T12:35:56.215+08:00  INFO 5588 --- [main] com.yun.blog.SpringBlogApplication       : No active profile set, falling back to 1 default profile: "default"
2024-09-05T12:35:58.601+08:00  INFO 5588 --- [main] o.s.b.w.embedded.tomcat.TomcatWebServer  : Tomcat initialized with port 8080 (http)
2024-09-05T12:35:58.666+08:00  INFO 5588 --- [main] w.s.c.ServletWebServerApplicationContext : Root WebApplicationContext: initialization completed in 2208 ms
2024-09-05T12:38:47.711+08:00  INFO 16216 --- [main] com.yun.blog.SpringBlogApplication       : Starting SpringBlogApplication using Java 17.0.9 with PID 16216 (F:\Github Repositories\JavaEE\进阶\后端\spring-blog\target\classes started by 1 in F:\Github Repositories\JavaEE\进阶\后端\spring-blog)
2024-09-05T12:38:47.715+08:00  INFO 16216 --- [main] com.yun.blog.SpringBlogApplication       : No active profile set, falling back to 1 default profile: "default"
2024-09-05T12:38:48.710+08:00  INFO 16216 --- [main] o.s.b.w.embedded.tomcat.TomcatWebServer  : Tomcat initialized with port 8080 (http)
2024-09-05T12:38:48.725+08:00  INFO 16216 --- [main] o.apache.catalina.core.StandardService   : Starting service [Tomcat]
2024-09-05T12:38:48.726+08:00  INFO 16216 --- [main] o.apache.catalina.core.StandardEngine    : Starting Servlet engine: [Apache Tomcat/10.1.28]
2024-09-05T12:38:48.771+08:00  INFO 16216 --- [main] o.a.c.c.C.[Tomcat].[localhost].[/]       : Initializing Spring embedded WebApplicationContext
2024-09-05T12:38:48.771+08:00  INFO 16216 --- [main] w.s.c.ServletWebServerApplicationContext : Root WebApplicationContext: initialization completed in 1003 ms
2024-09-05T12:38:49.799+08:00  INFO 16216 --- [main] o.s.b.w.embedded.tomcat.TomcatWebServer  : Tomcat started on port 8080 (http) with context path '/'
2024-09-05T12:38:49.809+08:00  INFO 16216 --- [main] com.yun.blog.SpringBlogApplication       : Started SpringBlogApplication in 2.609 seconds (process running for 3.146)
2024-09-05T12:39:23.825+08:00  INFO 16216 --- [http-nio-8080-exec-1] o.a.c.c.C.[Tomcat].[localhost].[/]       : Initializing Spring DispatcherServlet 'dispatcherServlet'
2024-09-05T12:39:23.825+08:00  INFO 16216 --- [http-nio-8080-exec-1] o.s.web.servlet.DispatcherServlet        : Initializing Servlet 'dispatcherServlet'
2024-09-05T12:39:23.827+08:00  INFO 16216 --- [http-nio-8080-exec-1] o.s.web.servlet.DispatcherServlet        : Completed initialization in 2 ms
2024-09-05T12:39:26.618+08:00 ERROR 16216 --- [http-nio-8080-exec-2] com.yun.blog.config.ExceptionAdvice      : 发生异常，e
2024-09-05T12:39:27.494+08:00  INFO 16216 --- [http-nio-8080-exec-3] com.zaxxer.hikari.HikariDataSource       : HikariPool-1 - Starting...
2024-09-05T12:39:27.842+08:00  INFO 16216 --- [http-nio-8080-exec-3] com.zaxxer.hikari.pool.HikariPool        : HikariPool-1 - Added connection com.mysql.cj.jdbc.ConnectionImpl@4211b1ed
2024-09-05T12:39:27.843+08:00  INFO 16216 --- [http-nio-8080-exec-3] com.zaxxer.hikari.HikariDataSource       : HikariPool-1 - Start completed.
2024-09-05T12:39:28.050+08:00  INFO 16216 --- [http-nio-8080-exec-6] com.yun.blog.config.LoginInterceptor     : 从header中获取到信息，token:eyJhbGciOiJIUzI1NiJ9.eyJuYW1lIjoiemhhbmdzYW4iLCJpZCI6MSwiZXhwIjoxNzI1NTExMjc1fQ.vGn9QMS0Ze87FTrz-TovXcgoOtvopKo8Z65nENqpcgI
2024-09-05T12:39:28.050+08:00  INFO 16216 --- [http-nio-8080-exec-7] com.yun.blog.config.LoginInterceptor     : 从header中获取到信息，token:eyJhbGciOiJIUzI1NiJ9.eyJuYW1lIjoiemhhbmdzYW4iLCJpZCI6MSwiZXhwIjoxNzI1NTExMjc1fQ.vGn9QMS0Ze87FTrz-TovXcgoOtvopKo8Z65nENqpcgI
2024-09-05T12:39:32.618+08:00  INFO 16216 --- [http-nio-8080-exec-8] com.yun.blog.config.LoginInterceptor     : 从header中获取到信息，token:eyJhbGciOiJIUzI1NiJ9.eyJuYW1lIjoiemhhbmdzYW4iLCJpZCI6MSwiZXhwIjoxNzI1NTExMjc1fQ.vGn9QMS0Ze87FTrz-TovXcgoOtvopKo8Z65nENqpcgI
2024-09-05T12:39:32.618+08:00  INFO 16216 --- [http-nio-8080-exec-9] com.yun.blog.config.LoginInterceptor     : 从header中获取到信息，token:eyJhbGciOiJIUzI1NiJ9.eyJuYW1lIjoiemhhbmdzYW4iLCJpZCI6MSwiZXhwIjoxNzI1NTExMjc1fQ.vGn9QMS0Ze87FTrz-TovXcgoOtvopKo8Z65nENqpcgI
2024-09-05T12:39:39.355+08:00  INFO 16216 --- [http-nio-8080-exec-1] com.yun.blog.config.LoginInterceptor     : 从header中获取到信息，token:eyJhbGciOiJIUzI1NiJ9.eyJuYW1lIjoiemhhbmdzYW4iLCJpZCI6MSwiZXhwIjoxNzI1NTExMjc1fQ.vGn9QMS0Ze87FTrz-TovXcgoOtvopKo8Z65nENqpcgI
2024-09-05T12:39:39.434+08:00  INFO 16216 --- [http-nio-8080-exec-1] c.y.blog.controller.BlogInfoController   : 从header中获取到信息，token:eyJhbGciOiJIUzI1NiJ9.eyJuYW1lIjoiemhhbmdzYW4iLCJpZCI6MSwiZXhwIjoxNzI1NTExMjc1fQ.vGn9QMS0Ze87FTrz-TovXcgoOtvopKo8Z65nENqpcgI
2024-09-05T12:39:40.932+08:00  INFO 16216 --- [http-nio-8080-exec-2] com.yun.blog.config.LoginInterceptor     : 从header中获取到信息，token:eyJhbGciOiJIUzI1NiJ9.eyJuYW1lIjoiemhhbmdzYW4iLCJpZCI6MSwiZXhwIjoxNzI1NTExMjc1fQ.vGn9QMS0Ze87FTrz-TovXcgoOtvopKo8Z65nENqpcgI
2024-09-05T12:39:40.933+08:00  INFO 16216 --- [http-nio-8080-exec-3] com.yun.blog.config.LoginInterceptor     : 从header中获取到信息，token:eyJhbGciOiJIUzI1NiJ9.eyJuYW1lIjoiemhhbmdzYW4iLCJpZCI6MSwiZXhwIjoxNzI1NTExMjc1fQ.vGn9QMS0Ze87FTrz-TovXcgoOtvopKo8Z65nENqpcgI
2024-09-05T12:39:50.751+08:00  INFO 16216 --- [http-nio-8080-exec-4] com.yun.blog.config.LoginInterceptor     : 从header中获取到信息，token:eyJhbGciOiJIUzI1NiJ9.eyJuYW1lIjoiemhhbmdzYW4iLCJpZCI6MSwiZXhwIjoxNzI1NTExMjc1fQ.vGn9QMS0Ze87FTrz-TovXcgoOtvopKo8Z65nENqpcgI
2024-09-05T12:39:50.753+08:00  INFO 16216 --- [http-nio-8080-exec-5] com.yun.blog.config.LoginInterceptor     : 从header中获取到信息，token:eyJhbGciOiJIUzI1NiJ9.eyJuYW1lIjoiemhhbmdzYW4iLCJpZCI6MSwiZXhwIjoxNzI1NTExMjc1fQ.vGn9QMS0Ze87FTrz-TovXcgoOtvopKo8Z65nENqpcgI
2024-09-05T12:39:55.671+08:00  INFO 16216 --- [http-nio-8080-exec-10] com.yun.blog.config.LoginInterceptor     : 从header中获取到信息，token:eyJhbGciOiJIUzI1NiJ9.eyJuYW1lIjoiemhhbmdzYW4iLCJpZCI6MSwiZXhwIjoxNzI1NTExMzAzfQ.33sL7ji_aJ-qt1-aa1-q-dvPtsr6puG0G5z89GXb_wE
2024-09-05T12:39:55.671+08:00  INFO 16216 --- [http-nio-8080-exec-9] com.yun.blog.config.LoginInterceptor     : 从header中获取到信息，token:eyJhbGciOiJIUzI1NiJ9.eyJuYW1lIjoiemhhbmdzYW4iLCJpZCI6MSwiZXhwIjoxNzI1NTExMzAzfQ.33sL7ji_aJ-qt1-aa1-q-dvPtsr6puG0G5z89GXb_wE
2024-09-05T12:40:02.753+08:00 ERROR 16216 --- [http-nio-8080-exec-1] com.yun.blog.utils.SecurityUtils         : 密码长度不足
2024-09-05T12:40:02.754+08:00 ERROR 16216 --- [http-nio-8080-exec-1] c.y.blog.controller.UserInfoController   : 密码验证失败
2024-09-05T12:40:09.845+08:00 ERROR 16216 --- [http-nio-8080-exec-3] com.yun.blog.utils.SecurityUtils         : 密码长度不足
2024-09-05T12:40:09.845+08:00 ERROR 16216 --- [http-nio-8080-exec-3] c.y.blog.controller.UserInfoController   : 密码验证失败
2024-09-05T12:40:36.164+08:00 ERROR 16216 --- [http-nio-8080-exec-2] com.yun.blog.utils.SecurityUtils         : 密码长度不足
2024-09-05T12:40:36.164+08:00 ERROR 16216 --- [http-nio-8080-exec-2] c.y.blog.controller.UserInfoController   : 密码验证失败
2024-09-05T12:40:56.390+08:00  INFO 16216 --- [SpringApplicationShutdownHook] com.zaxxer.hikari.HikariDataSource       : HikariPool-1 - Shutdown initiated...
2024-09-05T12:40:56.400+08:00  INFO 16216 --- [SpringApplicationShutdownHook] com.zaxxer.hikari.HikariDataSource       : HikariPool-1 - Shutdown completed.
2024-09-05T12:41:33.780+08:00  INFO 16876 --- [main] com.yun.blog.SpringBlogApplication       : Starting SpringBlogApplication using Java 17.0.9 with PID 16876 (F:\Github Repositories\JavaEE\进阶\后端\spring-blog\target\classes started by 1 in F:\Github Repositories\JavaEE\进阶\后端\spring-blog)
2024-09-05T12:41:33.784+08:00  INFO 16876 --- [main] com.yun.blog.SpringBlogApplication       : No active profile set, falling back to 1 default profile: "default"
2024-09-05T12:41:34.813+08:00  INFO 16876 --- [main] o.s.b.w.embedded.tomcat.TomcatWebServer  : Tomcat initialized with port 8080 (http)
2024-09-05T12:41:34.825+08:00  INFO 16876 --- [main] o.apache.catalina.core.StandardService   : Starting service [Tomcat]
2024-09-05T12:41:34.825+08:00  INFO 16876 --- [main] o.apache.catalina.core.StandardEngine    : Starting Servlet engine: [Apache Tomcat/10.1.28]
2024-09-05T12:41:34.874+08:00  INFO 16876 --- [main] o.a.c.c.C.[Tomcat].[localhost].[/]       : Initializing Spring embedded WebApplicationContext
2024-09-05T12:41:34.874+08:00  INFO 16876 --- [main] w.s.c.ServletWebServerApplicationContext : Root WebApplicationContext: initialization completed in 1035 ms
2024-09-05T12:41:35.473+08:00  INFO 16876 --- [main] o.s.b.w.embedded.tomcat.TomcatWebServer  : Tomcat started on port 8080 (http) with context path '/'
2024-09-05T12:41:35.482+08:00  INFO 16876 --- [main] com.yun.blog.SpringBlogApplication       : Started SpringBlogApplication in 2.267 seconds (process running for 2.913)
2024-09-05T12:41:37.076+08:00  INFO 16876 --- [http-nio-8080-exec-1] o.a.c.c.C.[Tomcat].[localhost].[/]       : Initializing Spring DispatcherServlet 'dispatcherServlet'
2024-09-05T12:41:37.076+08:00  INFO 16876 --- [http-nio-8080-exec-1] o.s.web.servlet.DispatcherServlet        : Initializing Servlet 'dispatcherServlet'
2024-09-05T12:41:37.077+08:00  INFO 16876 --- [http-nio-8080-exec-1] o.s.web.servlet.DispatcherServlet        : Completed initialization in 1 ms
2024-09-05T12:41:42.502+08:00  INFO 16876 --- [http-nio-8080-exec-2] com.zaxxer.hikari.HikariDataSource       : HikariPool-1 - Starting...
2024-09-05T12:41:42.626+08:00  INFO 16876 --- [http-nio-8080-exec-2] com.zaxxer.hikari.pool.HikariPool        : HikariPool-1 - Added connection com.mysql.cj.jdbc.ConnectionImpl@4016329d
2024-09-05T12:41:42.627+08:00  INFO 16876 --- [http-nio-8080-exec-2] com.zaxxer.hikari.HikariDataSource       : HikariPool-1 - Start completed.
2024-09-05T12:41:42.690+08:00 ERROR 16876 --- [http-nio-8080-exec-2] com.yun.blog.utils.SecurityUtils         : 密码长度不足
2024-09-05T12:41:42.691+08:00 ERROR 16876 --- [http-nio-8080-exec-2] c.y.blog.controller.UserInfoController   : 密码验证失败
2024-09-05T12:42:35.409+08:00 ERROR 16876 --- [http-nio-8080-exec-9] com.yun.blog.config.ExceptionAdvice      : 发生异常，e
2024-09-05T12:42:36.146+08:00 ERROR 16876 --- [http-nio-8080-exec-2] com.yun.blog.config.ExceptionAdvice      : 发生异常，e
2024-09-05T12:42:36.769+08:00  INFO 16876 --- [http-nio-8080-exec-7] com.yun.blog.config.LoginInterceptor     : 从header中获取到信息，token:eyJhbGciOiJIUzI1NiJ9.eyJuYW1lIjoiemhhbmdzYW4iLCJpZCI6MSwiZXhwIjoxNzI1NTExNDY0fQ.YbsmkPMAzB08KOIgchOE-c8JzMIJy5QlmB-d1Xj87T8
2024-09-05T12:42:36.769+08:00  INFO 16876 --- [http-nio-8080-exec-3] com.yun.blog.config.LoginInterceptor     : 从header中获取到信息，token:eyJhbGciOiJIUzI1NiJ9.eyJuYW1lIjoiemhhbmdzYW4iLCJpZCI6MSwiZXhwIjoxNzI1NTExNDY0fQ.YbsmkPMAzB08KOIgchOE-c8JzMIJy5QlmB-d1Xj87T8
2024-09-05T12:42:42.179+08:00 ERROR 16876 --- [http-nio-8080-exec-6] com.yun.blog.utils.SecurityUtils         : 密码长度不足
2024-09-05T12:42:42.179+08:00 ERROR 16876 --- [http-nio-8080-exec-6] c.y.blog.controller.UserInfoController   : 密码验证失败
2024-09-05T12:42:56.215+08:00 ERROR 16876 --- [http-nio-8080-exec-5] com.yun.blog.utils.SecurityUtils         : 密码长度不足
2024-09-05T12:42:56.216+08:00 ERROR 16876 --- [http-nio-8080-exec-5] c.y.blog.controller.UserInfoController   : 密码验证失败
2024-09-05T12:43:41.640+08:00  INFO 16876 --- [SpringApplicationShutdownHook] com.zaxxer.hikari.HikariDataSource       : HikariPool-1 - Shutdown initiated...
2024-09-05T12:43:41.649+08:00  INFO 16876 --- [SpringApplicationShutdownHook] com.zaxxer.hikari.HikariDataSource       : HikariPool-1 - Shutdown completed.
2024-09-05T12:45:43.912+08:00  INFO 17960 --- [main] com.yun.blog.SpringBlogApplication       : Starting SpringBlogApplication using Java 17.0.9 with PID 17960 (F:\Github Repositories\JavaEE\进阶\后端\spring-blog\target\classes started by 1 in F:\Github Repositories\JavaEE\进阶\后端\spring-blog)
2024-09-05T12:45:43.914+08:00  INFO 17960 --- [main] com.yun.blog.SpringBlogApplication       : No active profile set, falling back to 1 default profile: "default"
2024-09-05T12:45:44.856+08:00  INFO 17960 --- [main] o.s.b.w.embedded.tomcat.TomcatWebServer  : Tomcat initialized with port 8080 (http)
2024-09-05T12:45:44.868+08:00  INFO 17960 --- [main] o.apache.catalina.core.StandardService   : Starting service [Tomcat]
2024-09-05T12:45:44.869+08:00  INFO 17960 --- [main] o.apache.catalina.core.StandardEngine    : Starting Servlet engine: [Apache Tomcat/10.1.28]
2024-09-05T12:45:44.916+08:00  INFO 17960 --- [main] o.a.c.c.C.[Tomcat].[localhost].[/]       : Initializing Spring embedded WebApplicationContext
2024-09-05T12:45:44.916+08:00  INFO 17960 --- [main] w.s.c.ServletWebServerApplicationContext : Root WebApplicationContext: initialization completed in 961 ms
2024-09-05T12:45:45.444+08:00  INFO 17960 --- [main] o.s.b.w.embedded.tomcat.TomcatWebServer  : Tomcat started on port 8080 (http) with context path '/'
2024-09-05T12:45:45.450+08:00  INFO 17960 --- [main] com.yun.blog.SpringBlogApplication       : Started SpringBlogApplication in 2.05 seconds (process running for 2.712)
2024-09-05T12:45:53.817+08:00  INFO 17960 --- [http-nio-8080-exec-1] o.a.c.c.C.[Tomcat].[localhost].[/]       : Initializing Spring DispatcherServlet 'dispatcherServlet'
2024-09-05T12:45:53.817+08:00  INFO 17960 --- [http-nio-8080-exec-1] o.s.web.servlet.DispatcherServlet        : Initializing Servlet 'dispatcherServlet'
2024-09-05T12:45:53.818+08:00  INFO 17960 --- [http-nio-8080-exec-1] o.s.web.servlet.DispatcherServlet        : Completed initialization in 0 ms
2024-09-05T12:45:53.924+08:00 ERROR 17960 --- [http-nio-8080-exec-7] com.yun.blog.config.ExceptionAdvice      : 发生异常，e
2024-09-05T12:45:58.618+08:00  INFO 17960 --- [http-nio-8080-exec-9] com.zaxxer.hikari.HikariDataSource       : HikariPool-1 - Starting...
2024-09-05T12:45:58.734+08:00  INFO 17960 --- [http-nio-8080-exec-9] com.zaxxer.hikari.pool.HikariPool        : HikariPool-1 - Added connection com.mysql.cj.jdbc.ConnectionImpl@7d1aed04
2024-09-05T12:45:58.736+08:00  INFO 17960 --- [http-nio-8080-exec-9] com.zaxxer.hikari.HikariDataSource       : HikariPool-1 - Start completed.
2024-09-05T12:45:58.934+08:00  INFO 17960 --- [http-nio-8080-exec-8] com.yun.blog.config.LoginInterceptor     : 从header中获取到信息，token:eyJhbGciOiJIUzI1NiJ9.eyJuYW1lIjoibGlzaSIsImlkIjoyLCJleHAiOjE3MjU1MTE2NjZ9.68xbw4uS11tnq7SSIdxom50CUasUBPYlTxObdAuuz6o
2024-09-05T12:45:58.979+08:00  INFO 17960 --- [http-nio-8080-exec-10] com.yun.blog.config.LoginInterceptor     : 从header中获取到信息，token:eyJhbGciOiJIUzI1NiJ9.eyJuYW1lIjoibGlzaSIsImlkIjoyLCJleHAiOjE3MjU1MTE2NjZ9.68xbw4uS11tnq7SSIdxom50CUasUBPYlTxObdAuuz6o
2024-09-05T12:46:03.971+08:00  INFO 17960 --- [http-nio-8080-exec-5] com.yun.blog.config.LoginInterceptor     : 从header中获取到信息，token:eyJhbGciOiJIUzI1NiJ9.eyJuYW1lIjoibGlzaSIsImlkIjoyLCJleHAiOjE3MjU1MTE2NjZ9.68xbw4uS11tnq7SSIdxom50CUasUBPYlTxObdAuuz6o
2024-09-05T12:46:03.971+08:00  INFO 17960 --- [http-nio-8080-exec-4] com.yun.blog.config.LoginInterceptor     : 从header中获取到信息，token:eyJhbGciOiJIUzI1NiJ9.eyJuYW1lIjoibGlzaSIsImlkIjoyLCJleHAiOjE3MjU1MTE2NjZ9.68xbw4uS11tnq7SSIdxom50CUasUBPYlTxObdAuuz6o
2024-09-05T12:46:06.555+08:00  INFO 17960 --- [http-nio-8080-exec-7] com.yun.blog.config.LoginInterceptor     : 从header中获取到信息，token:eyJhbGciOiJIUzI1NiJ9.eyJuYW1lIjoibGlzaSIsImlkIjoyLCJleHAiOjE3MjU1MTE2NjZ9.68xbw4uS11tnq7SSIdxom50CUasUBPYlTxObdAuuz6o
2024-09-05T12:46:06.555+08:00  INFO 17960 --- [http-nio-8080-exec-9] com.yun.blog.config.LoginInterceptor     : 从header中获取到信息，token:eyJhbGciOiJIUzI1NiJ9.eyJuYW1lIjoibGlzaSIsImlkIjoyLCJleHAiOjE3MjU1MTE2NjZ9.68xbw4uS11tnq7SSIdxom50CUasUBPYlTxObdAuuz6o
2024-09-05T12:46:08.745+08:00  INFO 17960 --- [http-nio-8080-exec-1] com.yun.blog.config.LoginInterceptor     : 从header中获取到信息，token:eyJhbGciOiJIUzI1NiJ9.eyJuYW1lIjoibGlzaSIsImlkIjoyLCJleHAiOjE3MjU1MTE2NjZ9.68xbw4uS11tnq7SSIdxom50CUasUBPYlTxObdAuuz6o
2024-09-05T12:46:08.746+08:00  INFO 17960 --- [http-nio-8080-exec-8] com.yun.blog.config.LoginInterceptor     : 从header中获取到信息，token:eyJhbGciOiJIUzI1NiJ9.eyJuYW1lIjoibGlzaSIsImlkIjoyLCJleHAiOjE3MjU1MTE2NjZ9.68xbw4uS11tnq7SSIdxom50CUasUBPYlTxObdAuuz6o
2024-09-05T12:46:14.501+08:00  INFO 17960 --- [SpringApplicationShutdownHook] com.zaxxer.hikari.HikariDataSource       : HikariPool-1 - Shutdown initiated...
2024-09-05T12:46:14.508+08:00  INFO 17960 --- [SpringApplicationShutdownHook] com.zaxxer.hikari.HikariDataSource       : HikariPool-1 - Shutdown completed.
2024-09-05T14:59:54.378+08:00  INFO 7096 --- [main] com.yun.blog.SpringBlogApplication       : Starting SpringBlogApplication using Java 17.0.9 with PID 7096 (F:\Github Repositories\JavaEE\进阶\后端\spring-blog\target\classes started by 1 in F:\Github Repositories\JavaEE\进阶\后端\spring-blog)
2024-09-05T14:59:54.416+08:00  INFO 7096 --- [main] com.yun.blog.SpringBlogApplication       : No active profile set, falling back to 1 default profile: "default"
2024-09-05T14:59:56.291+08:00  INFO 7096 --- [main] o.s.b.w.embedded.tomcat.TomcatWebServer  : Tomcat initialized with port 8080 (http)
2024-09-05T14:59:56.304+08:00  INFO 7096 --- [main] o.apache.catalina.core.StandardService   : Starting service [Tomcat]
2024-09-05T14:59:56.304+08:00  INFO 7096 --- [main] o.apache.catalina.core.StandardEngine    : Starting Servlet engine: [Apache Tomcat/10.1.28]
2024-09-05T14:59:56.376+08:00  INFO 7096 --- [main] o.a.c.c.C.[Tomcat].[localhost].[/]       : Initializing Spring embedded WebApplicationContext
2024-09-05T14:59:56.376+08:00  INFO 7096 --- [main] w.s.c.ServletWebServerApplicationContext : Root WebApplicationContext: initialization completed in 1864 ms
2024-09-05T14:59:57.145+08:00  INFO 7096 --- [main] o.s.b.w.embedded.tomcat.TomcatWebServer  : Tomcat started on port 8080 (http) with context path '/'
2024-09-05T14:59:57.160+08:00  INFO 7096 --- [main] com.yun.blog.SpringBlogApplication       : Started SpringBlogApplication in 3.451 seconds (process running for 5.769)
2024-09-05T14:59:57.421+08:00  INFO 7096 --- [http-nio-8080-exec-1] o.a.c.c.C.[Tomcat].[localhost].[/]       : Initializing Spring DispatcherServlet 'dispatcherServlet'
2024-09-05T14:59:57.421+08:00  INFO 7096 --- [http-nio-8080-exec-1] o.s.web.servlet.DispatcherServlet        : Initializing Servlet 'dispatcherServlet'
2024-09-05T14:59:57.422+08:00  INFO 7096 --- [http-nio-8080-exec-1] o.s.web.servlet.DispatcherServlet        : Completed initialization in 1 ms
2024-09-05T14:59:57.733+08:00 ERROR 7096 --- [http-nio-8080-exec-4] com.yun.blog.config.ExceptionAdvice      : 发生异常，e
2024-09-05T15:00:00.818+08:00 ERROR 7096 --- [http-nio-8080-exec-9] com.yun.blog.config.ExceptionAdvice      : 发生异常，e
2024-09-05T15:00:05.747+08:00  INFO 7096 --- [http-nio-8080-exec-1] com.zaxxer.hikari.HikariDataSource       : HikariPool-1 - Starting...
2024-09-05T15:00:05.999+08:00  INFO 7096 --- [http-nio-8080-exec-1] com.zaxxer.hikari.pool.HikariPool        : HikariPool-1 - Added connection com.mysql.cj.jdbc.ConnectionImpl@5e7e8a32
2024-09-05T15:00:06.001+08:00  INFO 7096 --- [http-nio-8080-exec-1] com.zaxxer.hikari.HikariDataSource       : HikariPool-1 - Start completed.
2024-09-05T15:00:06.139+08:00  INFO 7096 --- [http-nio-8080-exec-2] com.yun.blog.config.LoginInterceptor     : 从header中获取到信息，token:eyJhbGciOiJIUzI1NiJ9.eyJuYW1lIjoibGlzaSIsImlkIjoyLCJleHAiOjE3MjU1MTk3MTR9.SZGvXhXI6V9w4okPEWBqSWotZ5EhQvzme_JGYQAl-TM
2024-09-05T15:00:06.139+08:00  INFO 7096 --- [http-nio-8080-exec-4] com.yun.blog.config.LoginInterceptor     : 从header中获取到信息，token:eyJhbGciOiJIUzI1NiJ9.eyJuYW1lIjoibGlzaSIsImlkIjoyLCJleHAiOjE3MjU1MTk3MTR9.SZGvXhXI6V9w4okPEWBqSWotZ5EhQvzme_JGYQAl-TM
2024-09-05T15:03:30.166+08:00  INFO 7096 --- [SpringApplicationShutdownHook] com.zaxxer.hikari.HikariDataSource       : HikariPool-1 - Shutdown initiated...
2024-09-05T15:03:30.187+08:00  INFO 7096 --- [SpringApplicationShutdownHook] com.zaxxer.hikari.HikariDataSource       : HikariPool-1 - Shutdown completed.
2024-09-05T15:03:34.233+08:00  INFO 17768 --- [main] com.yun.blog.SpringBlogApplication       : Starting SpringBlogApplication using Java 17.0.9 with PID 17768 (F:\Github Repositories\JavaEE\进阶\后端\spring-blog\target\classes started by 1 in F:\Github Repositories\JavaEE\进阶\后端\spring-blog)
2024-09-05T15:03:34.243+08:00  INFO 17768 --- [main] com.yun.blog.SpringBlogApplication       : No active profile set, falling back to 1 default profile: "default"
2024-09-05T15:03:35.220+08:00  INFO 17768 --- [main] o.s.b.w.embedded.tomcat.TomcatWebServer  : Tomcat initialized with port 8080 (http)
2024-09-05T15:03:35.231+08:00  INFO 17768 --- [main] o.apache.catalina.core.StandardService   : Starting service [Tomcat]
2024-09-05T15:03:35.231+08:00  INFO 17768 --- [main] o.apache.catalina.core.StandardEngine    : Starting Servlet engine: [Apache Tomcat/10.1.28]
2024-09-05T15:03:35.286+08:00  INFO 17768 --- [main] o.a.c.c.C.[Tomcat].[localhost].[/]       : Initializing Spring embedded WebApplicationContext
2024-09-05T15:03:35.287+08:00  INFO 17768 --- [main] w.s.c.ServletWebServerApplicationContext : Root WebApplicationContext: initialization completed in 996 ms
2024-09-05T15:03:35.753+08:00  INFO 17768 --- [main] o.s.b.w.embedded.tomcat.TomcatWebServer  : Tomcat started on port 8080 (http) with context path '/'
2024-09-05T15:03:35.761+08:00  INFO 17768 --- [main] com.yun.blog.SpringBlogApplication       : Started SpringBlogApplication in 2.083 seconds (process running for 2.71)
2024-09-05T15:03:42.408+08:00  INFO 17768 --- [http-nio-8080-exec-1] o.a.c.c.C.[Tomcat].[localhost].[/]       : Initializing Spring DispatcherServlet 'dispatcherServlet'
2024-09-05T15:03:42.409+08:00  INFO 17768 --- [http-nio-8080-exec-1] o.s.web.servlet.DispatcherServlet        : Initializing Servlet 'dispatcherServlet'
2024-09-05T15:03:42.409+08:00  INFO 17768 --- [http-nio-8080-exec-1] o.s.web.servlet.DispatcherServlet        : Completed initialization in 0 ms
2024-09-05T15:03:42.461+08:00  INFO 17768 --- [http-nio-8080-exec-2] com.yun.blog.config.LoginInterceptor     : 从header中获取到信息，token:eyJhbGciOiJIUzI1NiJ9.eyJuYW1lIjoibGlzaSIsImlkIjoyLCJleHAiOjE3MjU1MTk3MTR9.SZGvXhXI6V9w4okPEWBqSWotZ5EhQvzme_JGYQAl-TM
2024-09-05T15:03:42.461+08:00  INFO 17768 --- [http-nio-8080-exec-5] com.yun.blog.config.LoginInterceptor     : 从header中获取到信息，token:eyJhbGciOiJIUzI1NiJ9.eyJuYW1lIjoibGlzaSIsImlkIjoyLCJleHAiOjE3MjU1MTk3MTR9.SZGvXhXI6V9w4okPEWBqSWotZ5EhQvzme_JGYQAl-TM
2024-09-05T15:03:42.534+08:00 ERROR 17768 --- [http-nio-8080-exec-5] com.yun.blog.utils.JwtUtils              : token过期，校验失败，token:eyJhbGciOiJIUzI1NiJ9.eyJuYW1lIjoibGlzaSIsImlkIjoyLCJleHAiOjE3MjU1MTk3MTR9.SZGvXhXI6V9w4okPEWBqSWotZ5EhQvzme_JGYQAl-TM
2024-09-05T15:03:42.534+08:00 ERROR 17768 --- [http-nio-8080-exec-2] com.yun.blog.utils.JwtUtils              : token过期，校验失败，token:eyJhbGciOiJIUzI1NiJ9.eyJuYW1lIjoibGlzaSIsImlkIjoyLCJleHAiOjE3MjU1MTk3MTR9.SZGvXhXI6V9w4okPEWBqSWotZ5EhQvzme_JGYQAl-TM
2024-09-05T15:05:39.581+08:00  INFO 17768 --- [http-nio-8080-exec-8] com.zaxxer.hikari.HikariDataSource       : HikariPool-1 - Starting...
2024-09-05T15:05:39.701+08:00  INFO 17768 --- [http-nio-8080-exec-8] com.zaxxer.hikari.pool.HikariPool        : HikariPool-1 - Added connection com.mysql.cj.jdbc.ConnectionImpl@5e14908
2024-09-05T15:05:39.703+08:00  INFO 17768 --- [http-nio-8080-exec-8] com.zaxxer.hikari.HikariDataSource       : HikariPool-1 - Start completed.
2024-09-05T15:05:39.853+08:00  INFO 17768 --- [http-nio-8080-exec-10] com.yun.blog.config.LoginInterceptor     : 从header中获取到信息，token:eyJhbGciOiJIUzI1NiJ9.eyJuYW1lIjoibGlzaSIsImlkIjoyLCJleHAiOjE3MjU1MjAwNDd9.TUgsiulLe9MLMdq5dw2GM-oFvOzhPRMGVbrPtkgK-CI
2024-09-05T15:05:39.853+08:00  INFO 17768 --- [http-nio-8080-exec-1] com.yun.blog.config.LoginInterceptor     : 从header中获取到信息，token:eyJhbGciOiJIUzI1NiJ9.eyJuYW1lIjoibGlzaSIsImlkIjoyLCJleHAiOjE3MjU1MjAwNDd9.TUgsiulLe9MLMdq5dw2GM-oFvOzhPRMGVbrPtkgK-CI
2024-09-05T15:05:41.688+08:00  INFO 17768 --- [http-nio-8080-exec-2] com.yun.blog.config.LoginInterceptor     : 从header中获取到信息，token:eyJhbGciOiJIUzI1NiJ9.eyJuYW1lIjoibGlzaSIsImlkIjoyLCJleHAiOjE3MjU1MjAwNDd9.TUgsiulLe9MLMdq5dw2GM-oFvOzhPRMGVbrPtkgK-CI
2024-09-05T15:05:41.688+08:00  INFO 17768 --- [http-nio-8080-exec-3] com.yun.blog.config.LoginInterceptor     : 从header中获取到信息，token:eyJhbGciOiJIUzI1NiJ9.eyJuYW1lIjoibGlzaSIsImlkIjoyLCJleHAiOjE3MjU1MjAwNDd9.TUgsiulLe9MLMdq5dw2GM-oFvOzhPRMGVbrPtkgK-CI
2024-09-05T15:05:43.721+08:00  INFO 17768 --- [http-nio-8080-exec-6] com.yun.blog.config.LoginInterceptor     : 从header中获取到信息，token:eyJhbGciOiJIUzI1NiJ9.eyJuYW1lIjoibGlzaSIsImlkIjoyLCJleHAiOjE3MjU1MjAwNDd9.TUgsiulLe9MLMdq5dw2GM-oFvOzhPRMGVbrPtkgK-CI
2024-09-05T15:05:43.721+08:00  INFO 17768 --- [http-nio-8080-exec-5] com.yun.blog.config.LoginInterceptor     : 从header中获取到信息，token:eyJhbGciOiJIUzI1NiJ9.eyJuYW1lIjoibGlzaSIsImlkIjoyLCJleHAiOjE3MjU1MjAwNDd9.TUgsiulLe9MLMdq5dw2GM-oFvOzhPRMGVbrPtkgK-CI
2024-09-05T15:06:30.051+08:00  INFO 17768 --- [SpringApplicationShutdownHook] com.zaxxer.hikari.HikariDataSource       : HikariPool-1 - Shutdown initiated...
2024-09-05T15:06:30.058+08:00  INFO 17768 --- [SpringApplicationShutdownHook] com.zaxxer.hikari.HikariDataSource       : HikariPool-1 - Shutdown completed.
2024-09-05T15:06:33.883+08:00  INFO 9288 --- [main] com.yun.blog.SpringBlogApplication       : Starting SpringBlogApplication using Java 17.0.9 with PID 9288 (F:\Github Repositories\JavaEE\进阶\后端\spring-blog\target\classes started by 1 in F:\Github Repositories\JavaEE\进阶\后端\spring-blog)
2024-09-05T15:06:33.887+08:00  INFO 9288 --- [main] com.yun.blog.SpringBlogApplication       : No active profile set, falling back to 1 default profile: "default"
2024-09-05T15:06:34.744+08:00  INFO 9288 --- [main] o.s.b.w.embedded.tomcat.TomcatWebServer  : Tomcat initialized with port 8080 (http)
2024-09-05T15:06:34.754+08:00  INFO 9288 --- [main] o.apache.catalina.core.StandardService   : Starting service [Tomcat]
2024-09-05T15:06:34.755+08:00  INFO 9288 --- [main] o.apache.catalina.core.StandardEngine    : Starting Servlet engine: [Apache Tomcat/10.1.28]
2024-09-05T15:06:34.808+08:00  INFO 9288 --- [main] o.a.c.c.C.[Tomcat].[localhost].[/]       : Initializing Spring embedded WebApplicationContext
2024-09-05T15:06:34.808+08:00  INFO 9288 --- [main] w.s.c.ServletWebServerApplicationContext : Root WebApplicationContext: initialization completed in 880 ms
2024-09-05T15:06:35.388+08:00  INFO 9288 --- [main] o.s.b.w.embedded.tomcat.TomcatWebServer  : Tomcat started on port 8080 (http) with context path '/'
2024-09-05T15:06:35.396+08:00  INFO 9288 --- [main] com.yun.blog.SpringBlogApplication       : Started SpringBlogApplication in 1.946 seconds (process running for 2.459)
2024-09-05T15:06:36.211+08:00  INFO 9288 --- [http-nio-8080-exec-1] o.a.c.c.C.[Tomcat].[localhost].[/]       : Initializing Spring DispatcherServlet 'dispatcherServlet'
2024-09-05T15:06:36.211+08:00  INFO 9288 --- [http-nio-8080-exec-1] o.s.web.servlet.DispatcherServlet        : Initializing Servlet 'dispatcherServlet'
2024-09-05T15:06:36.212+08:00  INFO 9288 --- [http-nio-8080-exec-1] o.s.web.servlet.DispatcherServlet        : Completed initialization in 1 ms
2024-09-05T15:06:41.232+08:00 ERROR 9288 --- [http-nio-8080-exec-6] com.yun.blog.config.ExceptionAdvice      : 发生异常，e
2024-09-05T15:06:44.260+08:00  INFO 9288 --- [http-nio-8080-exec-7] com.zaxxer.hikari.HikariDataSource       : HikariPool-1 - Starting...
2024-09-05T15:06:44.375+08:00  INFO 9288 --- [http-nio-8080-exec-7] com.zaxxer.hikari.pool.HikariPool        : HikariPool-1 - Added connection com.mysql.cj.jdbc.ConnectionImpl@13b79c71
2024-09-05T15:06:44.376+08:00  INFO 9288 --- [http-nio-8080-exec-7] com.zaxxer.hikari.HikariDataSource       : HikariPool-1 - Start completed.
2024-09-05T15:06:44.503+08:00  INFO 9288 --- [http-nio-8080-exec-9] com.yun.blog.config.LoginInterceptor     : 从header中获取到信息，token:eyJhbGciOiJIUzI1NiJ9.eyJuYW1lIjoibGlzaSIsImlkIjoyLCJleHAiOjE3MjU1MjAxMTJ9.D4C2epPvtFzjGNSqfN7qO6mQ8BqOBV6DCrai4PeXKuw
2024-09-05T15:06:44.503+08:00  INFO 9288 --- [http-nio-8080-exec-8] com.yun.blog.config.LoginInterceptor     : 从header中获取到信息，token:eyJhbGciOiJIUzI1NiJ9.eyJuYW1lIjoibGlzaSIsImlkIjoyLCJleHAiOjE3MjU1MjAxMTJ9.D4C2epPvtFzjGNSqfN7qO6mQ8BqOBV6DCrai4PeXKuw
2024-09-05T15:07:28.659+08:00  INFO 9288 --- [http-nio-8080-exec-2] com.yun.blog.config.LoginInterceptor     : 从header中获取到信息，token:eyJhbGciOiJIUzI1NiJ9.eyJuYW1lIjoibGlzaSIsImlkIjoyLCJleHAiOjE3MjU1MjAxMTJ9.D4C2epPvtFzjGNSqfN7qO6mQ8BqOBV6DCrai4PeXKuw
2024-09-05T15:07:28.659+08:00  INFO 9288 --- [http-nio-8080-exec-4] com.yun.blog.config.LoginInterceptor     : 从header中获取到信息，token:eyJhbGciOiJIUzI1NiJ9.eyJuYW1lIjoibGlzaSIsImlkIjoyLCJleHAiOjE3MjU1MjAxMTJ9.D4C2epPvtFzjGNSqfN7qO6mQ8BqOBV6DCrai4PeXKuw
2024-09-05T15:07:34.466+08:00  INFO 9288 --- [http-nio-8080-exec-6] com.yun.blog.config.LoginInterceptor     : 从header中获取到信息，token:eyJhbGciOiJIUzI1NiJ9.eyJuYW1lIjoibGlzaSIsImlkIjoyLCJleHAiOjE3MjU1MjAxMTJ9.D4C2epPvtFzjGNSqfN7qO6mQ8BqOBV6DCrai4PeXKuw
2024-09-05T15:07:34.466+08:00  INFO 9288 --- [http-nio-8080-exec-5] com.yun.blog.config.LoginInterceptor     : 从header中获取到信息，token:eyJhbGciOiJIUzI1NiJ9.eyJuYW1lIjoibGlzaSIsImlkIjoyLCJleHAiOjE3MjU1MjAxMTJ9.D4C2epPvtFzjGNSqfN7qO6mQ8BqOBV6DCrai4PeXKuw
2024-09-05T15:07:40.318+08:00  INFO 9288 --- [SpringApplicationShutdownHook] com.zaxxer.hikari.HikariDataSource       : HikariPool-1 - Shutdown initiated...
2024-09-05T15:07:40.325+08:00  INFO 9288 --- [SpringApplicationShutdownHook] com.zaxxer.hikari.HikariDataSource       : HikariPool-1 - Shutdown completed.
2024-09-05T15:11:31.917+08:00  INFO 14292 --- [main] com.yun.blog.SpringBlogApplication       : Starting SpringBlogApplication using Java 17.0.9 with PID 14292 (F:\Github Repositories\JavaEE\进阶\后端\spring-blog\target\classes started by 1 in F:\Github Repositories\JavaEE\进阶\后端\spring-blog)
2024-09-05T15:11:31.920+08:00  INFO 14292 --- [main] com.yun.blog.SpringBlogApplication       : No active profile set, falling back to 1 default profile: "default"
2024-09-05T15:11:32.801+08:00  INFO 14292 --- [main] o.s.b.w.embedded.tomcat.TomcatWebServer  : Tomcat initialized with port 8080 (http)
2024-09-05T15:11:32.813+08:00  INFO 14292 --- [main] o.apache.catalina.core.StandardService   : Starting service [Tomcat]
2024-09-05T15:11:32.813+08:00  INFO 14292 --- [main] o.apache.catalina.core.StandardEngine    : Starting Servlet engine: [Apache Tomcat/10.1.28]
2024-09-05T15:11:32.858+08:00  INFO 14292 --- [main] o.a.c.c.C.[Tomcat].[localhost].[/]       : Initializing Spring embedded WebApplicationContext
2024-09-05T15:11:32.858+08:00  INFO 14292 --- [main] w.s.c.ServletWebServerApplicationContext : Root WebApplicationContext: initialization completed in 881 ms
2024-09-05T15:11:33.374+08:00  INFO 14292 --- [main] o.s.b.w.embedded.tomcat.TomcatWebServer  : Tomcat started on port 8080 (http) with context path '/'
2024-09-05T15:11:33.382+08:00  INFO 14292 --- [main] com.yun.blog.SpringBlogApplication       : Started SpringBlogApplication in 1.943 seconds (process running for 2.577)
2024-09-05T15:12:22.506+08:00  INFO 14292 --- [http-nio-8080-exec-2] o.a.c.c.C.[Tomcat].[localhost].[/]       : Initializing Spring DispatcherServlet 'dispatcherServlet'
2024-09-05T15:12:22.506+08:00  INFO 14292 --- [http-nio-8080-exec-2] o.s.web.servlet.DispatcherServlet        : Initializing Servlet 'dispatcherServlet'
2024-09-05T15:12:22.507+08:00  INFO 14292 --- [http-nio-8080-exec-2] o.s.web.servlet.DispatcherServlet        : Completed initialization in 1 ms
2024-09-05T15:12:24.445+08:00 ERROR 14292 --- [http-nio-8080-exec-4] com.yun.blog.config.ExceptionAdvice      : 发生异常，e
2024-09-05T15:12:25.777+08:00  INFO 14292 --- [http-nio-8080-exec-3] com.zaxxer.hikari.HikariDataSource       : HikariPool-1 - Starting...
2024-09-05T15:12:25.892+08:00  INFO 14292 --- [http-nio-8080-exec-3] com.zaxxer.hikari.pool.HikariPool        : HikariPool-1 - Added connection com.mysql.cj.jdbc.ConnectionImpl@6a53148c
2024-09-05T15:12:25.894+08:00  INFO 14292 --- [http-nio-8080-exec-3] com.zaxxer.hikari.HikariDataSource       : HikariPool-1 - Start completed.
2024-09-05T15:12:26.055+08:00  INFO 14292 --- [http-nio-8080-exec-7] com.yun.blog.config.LoginInterceptor     : 从header中获取到信息，token:eyJhbGciOiJIUzI1NiJ9.eyJuYW1lIjoibGlzaSIsImlkIjoyLCJleHAiOjE3MjU1MjA0NTN9.-JyucA20UenR30ssN6mwaSqpETIlORjuuNKkNhPjY3o
2024-09-05T15:12:26.055+08:00  INFO 14292 --- [http-nio-8080-exec-6] com.yun.blog.config.LoginInterceptor     : 从header中获取到信息，token:eyJhbGciOiJIUzI1NiJ9.eyJuYW1lIjoibGlzaSIsImlkIjoyLCJleHAiOjE3MjU1MjA0NTN9.-JyucA20UenR30ssN6mwaSqpETIlORjuuNKkNhPjY3o
2024-09-05T15:12:27.650+08:00  INFO 14292 --- [http-nio-8080-exec-9] com.yun.blog.config.LoginInterceptor     : 从header中获取到信息，token:eyJhbGciOiJIUzI1NiJ9.eyJuYW1lIjoibGlzaSIsImlkIjoyLCJleHAiOjE3MjU1MjA0NTN9.-JyucA20UenR30ssN6mwaSqpETIlORjuuNKkNhPjY3o
2024-09-05T15:12:27.650+08:00  INFO 14292 --- [http-nio-8080-exec-8] com.yun.blog.config.LoginInterceptor     : 从header中获取到信息，token:eyJhbGciOiJIUzI1NiJ9.eyJuYW1lIjoibGlzaSIsImlkIjoyLCJleHAiOjE3MjU1MjA0NTN9.-JyucA20UenR30ssN6mwaSqpETIlORjuuNKkNhPjY3o
2024-09-05T15:47:57.301+08:00  INFO 14292 --- [SpringApplicationShutdownHook] com.zaxxer.hikari.HikariDataSource       : HikariPool-1 - Shutdown initiated...
2024-09-05T15:47:57.311+08:00  INFO 14292 --- [SpringApplicationShutdownHook] com.zaxxer.hikari.HikariDataSource       : HikariPool-1 - Shutdown completed.
